<?xml version="1.0" encoding="UTF-8" ?>
<testsuite tests="5" failures="0" name="cz.muni.fi.pa165.hauntedhouses.PowerDAOImplTest" time="0.342" errors="0" skipped="0">
  <properties>
[...]
</properties>
  <testcase classname="cz.muni.fi.pa165.hauntedhouses.PowerDAOImplTest" name="testDeletePower" time="0.111"/>
  <testcase classname="cz.muni.fi.pa165.hauntedhouses.PowerDAOImplTest" name="testUpdatePower" time="0.04"/>
  <testcase classname="cz.muni.fi.pa165.hauntedhouses.PowerDAOImplTest" name="testAddPower" time="0.062"/>
  <testcase classname="cz.muni.fi.pa165.hauntedhouses.PowerDAOImplTest" name="testGetAllPowers" time="0.058"/>
  <testcase classname="cz.muni.fi.pa165.hauntedhouses.PowerDAOImplTest" name="testGetPowerById" time="0.057"/>
</testsuite>